DEBUG - 2025-07-02 14:26:07 --> Session: Class initialized using 'CodeIgniter\Session\Handlers\FileHandler' driver.
DEBUG - 2025-07-02 14:26:29 --> Session: Class initialized using 'CodeIgniter\Session\Handlers\FileHandler' driver.
CRITICAL - 2025-07-02 14:26:40 --> ParseError: syntax error, unexpected single-quoted string "role", expecting "]"
[Method: POST, Route: login]
in APPPATH\Models\UserModel.php on line 19.
 1 SYSTEMPATH\Autoloader\Autoloader.php(295): CodeIgniter\Autoloader\Autoloader->includeFile('C:\\xampp\\htdocs\\Sukahati-Daging_Ayam\\app\\Models\\UserModel.php')
 2 SYSTEMPATH\Autoloader\Autoloader.php(271): CodeIgniter\Autoloader\Autoloader->loadInNamespace('App\\Models\\UserModel')
 3 APPPATH\Controllers\Auth.php(18): CodeIgniter\Autoloader\Autoloader->loadClass('App\\Models\\UserModel')
 4 SYSTEMPATH\CodeIgniter.php(933): App\Controllers\Auth->loginProcess()
 5 SYSTEMPATH\CodeIgniter.php(507): CodeIgniter\CodeIgniter->runController(Object(App\Controllers\Auth))
 6 SYSTEMPATH\CodeIgniter.php(354): CodeIgniter\CodeIgniter->handleRequest(null, Object(Config\Cache), false)
 7 SYSTEMPATH\Boot.php(334): CodeIgniter\CodeIgniter->run()
 8 SYSTEMPATH\Boot.php(67): CodeIgniter\Boot::runCodeIgniter(Object(CodeIgniter\CodeIgniter))
 9 FCPATH\index.php(59): CodeIgniter\Boot::bootWeb(Object(Config\Paths))
DEBUG - 2025-07-02 14:26:45 --> Session: Class initialized using 'CodeIgniter\Session\Handlers\FileHandler' driver.
CRITICAL - 2025-07-02 14:27:06 --> ParseError: syntax error, unexpected single-quoted string "role", expecting "]"
[Method: POST, Route: login]
in APPPATH\Models\UserModel.php on line 19.
 1 SYSTEMPATH\Autoloader\Autoloader.php(295): CodeIgniter\Autoloader\Autoloader->includeFile('C:\\xampp\\htdocs\\Sukahati-Daging_Ayam\\app\\Models\\UserModel.php')
 2 SYSTEMPATH\Autoloader\Autoloader.php(271): CodeIgniter\Autoloader\Autoloader->loadInNamespace('App\\Models\\UserModel')
 3 APPPATH\Controllers\Auth.php(18): CodeIgniter\Autoloader\Autoloader->loadClass('App\\Models\\UserModel')
 4 SYSTEMPATH\CodeIgniter.php(933): App\Controllers\Auth->loginProcess()
 5 SYSTEMPATH\CodeIgniter.php(507): CodeIgniter\CodeIgniter->runController(Object(App\Controllers\Auth))
 6 SYSTEMPATH\CodeIgniter.php(354): CodeIgniter\CodeIgniter->handleRequest(null, Object(Config\Cache), false)
 7 SYSTEMPATH\Boot.php(334): CodeIgniter\CodeIgniter->run()
 8 SYSTEMPATH\Boot.php(67): CodeIgniter\Boot::runCodeIgniter(Object(CodeIgniter\CodeIgniter))
 9 FCPATH\index.php(59): CodeIgniter\Boot::bootWeb(Object(Config\Paths))
DEBUG - 2025-07-02 14:28:59 --> Session: Class initialized using 'CodeIgniter\Session\Handlers\FileHandler' driver.
DEBUG - 2025-07-02 14:28:59 --> Session: Class initialized using 'CodeIgniter\Session\Handlers\FileHandler' driver.
DEBUG - 2025-07-02 14:28:59 --> Session: Class initialized using 'CodeIgniter\Session\Handlers\FileHandler' driver.
DEBUG - 2025-07-02 14:29:05 --> Session: Class initialized using 'CodeIgniter\Session\Handlers\FileHandler' driver.
DEBUG - 2025-07-02 14:29:09 --> Session: Class initialized using 'CodeIgniter\Session\Handlers\FileHandler' driver.
DEBUG - 2025-07-02 14:29:14 --> Session: Class initialized using 'CodeIgniter\Session\Handlers\FileHandler' driver.
DEBUG - 2025-07-02 14:29:17 --> Session: Class initialized using 'CodeIgniter\Session\Handlers\FileHandler' driver.
DEBUG - 2025-07-02 14:29:20 --> Session: Class initialized using 'CodeIgniter\Session\Handlers\FileHandler' driver.
DEBUG - 2025-07-02 14:29:22 --> Session: Class initialized using 'CodeIgniter\Session\Handlers\FileHandler' driver.
DEBUG - 2025-07-02 14:29:23 --> Session: Class initialized using 'CodeIgniter\Session\Handlers\FileHandler' driver.
DEBUG - 2025-07-02 14:29:28 --> Session: Class initialized using 'CodeIgniter\Session\Handlers\FileHandler' driver.
DEBUG - 2025-07-02 14:29:29 --> Session: Class initialized using 'CodeIgniter\Session\Handlers\FileHandler' driver.
DEBUG - 2025-07-02 14:29:33 --> Session: Class initialized using 'CodeIgniter\Session\Handlers\FileHandler' driver.
DEBUG - 2025-07-02 14:34:44 --> Session: Class initialized using 'CodeIgniter\Session\Handlers\FileHandler' driver.
CRITICAL - 2025-07-02 14:34:44 --> ErrorException: Undefined variable $activeMenu
[Method: GET, Route: admin/users]
in APPPATH\Views\layout\sidebar_admin.php on line 27.
 1 APPPATH\Views\layout\sidebar_admin.php(27): CodeIgniter\Debug\Exceptions->errorHandler(2, 'Undefined variable $activeMenu', 'C:\\xampp\\htdocs\\Sukahati-Daging_Ayam\\app\\Views\\layout\\sidebar_admin.php', 27)
 2 SYSTEMPATH\View\View.php(224): include('C:\\xampp\\htdocs\\Sukahati-Daging_Ayam\\app\\Views\\layout\\sidebar_admin.php')
 3 SYSTEMPATH\View\View.php(227): CodeIgniter\View\View->CodeIgniter\View\{closure}()
 4 SYSTEMPATH\View\View.php(475): CodeIgniter\View\View->render('layout/sidebar_admin', null, true)
 5 APPPATH\Views\admin\users\index.php(2): CodeIgniter\View\View->include('layout/sidebar_admin')
 6 SYSTEMPATH\View\View.php(224): include('C:\\xampp\\htdocs\\Sukahati-Daging_Ayam\\app\\Views\\admin\\users\\index.php')
 7 SYSTEMPATH\View\View.php(227): CodeIgniter\View\View->CodeIgniter\View\{closure}()
 8 SYSTEMPATH\Common.php(1173): CodeIgniter\View\View->render('admin/users/index', [], true)
 9 APPPATH\Controllers\admin\UserController.php(15): view('admin/users/index', [...])
10 SYSTEMPATH\CodeIgniter.php(933): App\Controllers\admin\UserController->index()
11 SYSTEMPATH\CodeIgniter.php(507): CodeIgniter\CodeIgniter->runController(Object(App\Controllers\admin\UserController))
12 SYSTEMPATH\CodeIgniter.php(354): CodeIgniter\CodeIgniter->handleRequest(null, Object(Config\Cache), false)
13 SYSTEMPATH\Boot.php(334): CodeIgniter\CodeIgniter->run()
14 SYSTEMPATH\Boot.php(67): CodeIgniter\Boot::runCodeIgniter(Object(CodeIgniter\CodeIgniter))
15 FCPATH\index.php(59): CodeIgniter\Boot::bootWeb(Object(Config\Paths))
DEBUG - 2025-07-02 14:37:04 --> Session: Class initialized using 'CodeIgniter\Session\Handlers\FileHandler' driver.
CRITICAL - 2025-07-02 14:37:04 --> ErrorException: Undefined variable $activeMenu
[Method: GET, Route: admin/users]
in APPPATH\Views\layout\sidebar_admin.php on line 27.
 1 APPPATH\Views\layout\sidebar_admin.php(27): CodeIgniter\Debug\Exceptions->errorHandler(2, 'Undefined variable $activeMenu', 'C:\\xampp\\htdocs\\Sukahati-Daging_Ayam\\app\\Views\\layout\\sidebar_admin.php', 27)
 2 SYSTEMPATH\View\View.php(224): include('C:\\xampp\\htdocs\\Sukahati-Daging_Ayam\\app\\Views\\layout\\sidebar_admin.php')
 3 SYSTEMPATH\View\View.php(227): CodeIgniter\View\View->CodeIgniter\View\{closure}()
 4 SYSTEMPATH\View\View.php(475): CodeIgniter\View\View->render('layout/sidebar_admin', null, true)
 5 APPPATH\Views\admin\users\index.php(2): CodeIgniter\View\View->include('layout/sidebar_admin')
 6 SYSTEMPATH\View\View.php(224): include('C:\\xampp\\htdocs\\Sukahati-Daging_Ayam\\app\\Views\\admin\\users\\index.php')
 7 SYSTEMPATH\View\View.php(227): CodeIgniter\View\View->CodeIgniter\View\{closure}()
 8 SYSTEMPATH\Common.php(1173): CodeIgniter\View\View->render('admin/users/index', [], true)
 9 APPPATH\Controllers\admin\UserController.php(15): view('admin/users/index', [...])
10 SYSTEMPATH\CodeIgniter.php(933): App\Controllers\admin\UserController->index()
11 SYSTEMPATH\CodeIgniter.php(507): CodeIgniter\CodeIgniter->runController(Object(App\Controllers\admin\UserController))
12 SYSTEMPATH\CodeIgniter.php(354): CodeIgniter\CodeIgniter->handleRequest(null, Object(Config\Cache), false)
13 SYSTEMPATH\Boot.php(334): CodeIgniter\CodeIgniter->run()
14 SYSTEMPATH\Boot.php(67): CodeIgniter\Boot::runCodeIgniter(Object(CodeIgniter\CodeIgniter))
15 FCPATH\index.php(59): CodeIgniter\Boot::bootWeb(Object(Config\Paths))
DEBUG - 2025-07-02 14:38:55 --> Session: Class initialized using 'CodeIgniter\Session\Handlers\FileHandler' driver.
CRITICAL - 2025-07-02 14:38:55 --> ErrorException: Undefined variable $activeMenu
[Method: GET, Route: admin/users]
in APPPATH\Views\layout\sidebar_admin.php on line 27.
 1 APPPATH\Views\layout\sidebar_admin.php(27): CodeIgniter\Debug\Exceptions->errorHandler(2, 'Undefined variable $activeMenu', 'C:\\xampp\\htdocs\\Sukahati-Daging_Ayam\\app\\Views\\layout\\sidebar_admin.php', 27)
 2 SYSTEMPATH\View\View.php(224): include('C:\\xampp\\htdocs\\Sukahati-Daging_Ayam\\app\\Views\\layout\\sidebar_admin.php')
 3 SYSTEMPATH\View\View.php(227): CodeIgniter\View\View->CodeIgniter\View\{closure}()
 4 SYSTEMPATH\View\View.php(475): CodeIgniter\View\View->render('layout/sidebar_admin', null, true)
 5 APPPATH\Views\admin\users\index.php(2): CodeIgniter\View\View->include('layout/sidebar_admin')
 6 SYSTEMPATH\View\View.php(224): include('C:\\xampp\\htdocs\\Sukahati-Daging_Ayam\\app\\Views\\admin\\users\\index.php')
 7 SYSTEMPATH\View\View.php(227): CodeIgniter\View\View->CodeIgniter\View\{closure}()
 8 SYSTEMPATH\Common.php(1173): CodeIgniter\View\View->render('admin/users/index', [], true)
 9 APPPATH\Controllers\admin\UserController.php(15): view('admin/users/index', [...])
10 SYSTEMPATH\CodeIgniter.php(933): App\Controllers\admin\UserController->index()
11 SYSTEMPATH\CodeIgniter.php(507): CodeIgniter\CodeIgniter->runController(Object(App\Controllers\admin\UserController))
12 SYSTEMPATH\CodeIgniter.php(354): CodeIgniter\CodeIgniter->handleRequest(null, Object(Config\Cache), false)
13 SYSTEMPATH\Boot.php(334): CodeIgniter\CodeIgniter->run()
14 SYSTEMPATH\Boot.php(67): CodeIgniter\Boot::runCodeIgniter(Object(CodeIgniter\CodeIgniter))
15 FCPATH\index.php(59): CodeIgniter\Boot::bootWeb(Object(Config\Paths))
DEBUG - 2025-07-02 14:38:55 --> Session: Class initialized using 'CodeIgniter\Session\Handlers\FileHandler' driver.
CRITICAL - 2025-07-02 14:38:55 --> ErrorException: Undefined variable $activeMenu
[Method: GET, Route: admin/users]
in APPPATH\Views\layout\sidebar_admin.php on line 27.
 1 APPPATH\Views\layout\sidebar_admin.php(27): CodeIgniter\Debug\Exceptions->errorHandler(2, 'Undefined variable $activeMenu', 'C:\\xampp\\htdocs\\Sukahati-Daging_Ayam\\app\\Views\\layout\\sidebar_admin.php', 27)
 2 SYSTEMPATH\View\View.php(224): include('C:\\xampp\\htdocs\\Sukahati-Daging_Ayam\\app\\Views\\layout\\sidebar_admin.php')
 3 SYSTEMPATH\View\View.php(227): CodeIgniter\View\View->CodeIgniter\View\{closure}()
 4 SYSTEMPATH\View\View.php(475): CodeIgniter\View\View->render('layout/sidebar_admin', null, true)
 5 APPPATH\Views\admin\users\index.php(2): CodeIgniter\View\View->include('layout/sidebar_admin')
 6 SYSTEMPATH\View\View.php(224): include('C:\\xampp\\htdocs\\Sukahati-Daging_Ayam\\app\\Views\\admin\\users\\index.php')
 7 SYSTEMPATH\View\View.php(227): CodeIgniter\View\View->CodeIgniter\View\{closure}()
 8 SYSTEMPATH\Common.php(1173): CodeIgniter\View\View->render('admin/users/index', [], true)
 9 APPPATH\Controllers\admin\UserController.php(15): view('admin/users/index', [...])
10 SYSTEMPATH\CodeIgniter.php(933): App\Controllers\admin\UserController->index()
11 SYSTEMPATH\CodeIgniter.php(507): CodeIgniter\CodeIgniter->runController(Object(App\Controllers\admin\UserController))
12 SYSTEMPATH\CodeIgniter.php(354): CodeIgniter\CodeIgniter->handleRequest(null, Object(Config\Cache), false)
13 SYSTEMPATH\Boot.php(334): CodeIgniter\CodeIgniter->run()
14 SYSTEMPATH\Boot.php(67): CodeIgniter\Boot::runCodeIgniter(Object(CodeIgniter\CodeIgniter))
15 FCPATH\index.php(59): CodeIgniter\Boot::bootWeb(Object(Config\Paths))
DEBUG - 2025-07-02 14:38:56 --> Session: Class initialized using 'CodeIgniter\Session\Handlers\FileHandler' driver.
CRITICAL - 2025-07-02 14:38:56 --> ErrorException: Undefined variable $activeMenu
[Method: GET, Route: admin/users]
in APPPATH\Views\layout\sidebar_admin.php on line 27.
 1 APPPATH\Views\layout\sidebar_admin.php(27): CodeIgniter\Debug\Exceptions->errorHandler(2, 'Undefined variable $activeMenu', 'C:\\xampp\\htdocs\\Sukahati-Daging_Ayam\\app\\Views\\layout\\sidebar_admin.php', 27)
 2 SYSTEMPATH\View\View.php(224): include('C:\\xampp\\htdocs\\Sukahati-Daging_Ayam\\app\\Views\\layout\\sidebar_admin.php')
 3 SYSTEMPATH\View\View.php(227): CodeIgniter\View\View->CodeIgniter\View\{closure}()
 4 SYSTEMPATH\View\View.php(475): CodeIgniter\View\View->render('layout/sidebar_admin', null, true)
 5 APPPATH\Views\admin\users\index.php(2): CodeIgniter\View\View->include('layout/sidebar_admin')
 6 SYSTEMPATH\View\View.php(224): include('C:\\xampp\\htdocs\\Sukahati-Daging_Ayam\\app\\Views\\admin\\users\\index.php')
 7 SYSTEMPATH\View\View.php(227): CodeIgniter\View\View->CodeIgniter\View\{closure}()
 8 SYSTEMPATH\Common.php(1173): CodeIgniter\View\View->render('admin/users/index', [], true)
 9 APPPATH\Controllers\admin\UserController.php(15): view('admin/users/index', [...])
10 SYSTEMPATH\CodeIgniter.php(933): App\Controllers\admin\UserController->index()
11 SYSTEMPATH\CodeIgniter.php(507): CodeIgniter\CodeIgniter->runController(Object(App\Controllers\admin\UserController))
12 SYSTEMPATH\CodeIgniter.php(354): CodeIgniter\CodeIgniter->handleRequest(null, Object(Config\Cache), false)
13 SYSTEMPATH\Boot.php(334): CodeIgniter\CodeIgniter->run()
14 SYSTEMPATH\Boot.php(67): CodeIgniter\Boot::runCodeIgniter(Object(CodeIgniter\CodeIgniter))
15 FCPATH\index.php(59): CodeIgniter\Boot::bootWeb(Object(Config\Paths))
DEBUG - 2025-07-02 14:41:28 --> Session: Class initialized using 'CodeIgniter\Session\Handlers\FileHandler' driver.
CRITICAL - 2025-07-02 14:41:28 --> ErrorException: Undefined variable $activeMenu
[Method: GET, Route: admin/users]
in APPPATH\Views\layout\sidebar_admin.php on line 27.
 1 APPPATH\Views\layout\sidebar_admin.php(27): CodeIgniter\Debug\Exceptions->errorHandler(2, 'Undefined variable $activeMenu', 'C:\\xampp\\htdocs\\Sukahati-Daging_Ayam\\app\\Views\\layout\\sidebar_admin.php', 27)
 2 SYSTEMPATH\View\View.php(224): include('C:\\xampp\\htdocs\\Sukahati-Daging_Ayam\\app\\Views\\layout\\sidebar_admin.php')
 3 SYSTEMPATH\View\View.php(227): CodeIgniter\View\View->CodeIgniter\View\{closure}()
 4 SYSTEMPATH\View\View.php(475): CodeIgniter\View\View->render('layout/sidebar_admin', null, true)
 5 APPPATH\Views\admin\users\index.php(2): CodeIgniter\View\View->include('layout/sidebar_admin')
 6 SYSTEMPATH\View\View.php(224): include('C:\\xampp\\htdocs\\Sukahati-Daging_Ayam\\app\\Views\\admin\\users\\index.php')
 7 SYSTEMPATH\View\View.php(227): CodeIgniter\View\View->CodeIgniter\View\{closure}()
 8 SYSTEMPATH\Common.php(1173): CodeIgniter\View\View->render('admin/users/index', [], true)
 9 APPPATH\Controllers\admin\UserController.php(15): view('admin/users/index', [...])
10 SYSTEMPATH\CodeIgniter.php(933): App\Controllers\admin\UserController->index()
11 SYSTEMPATH\CodeIgniter.php(507): CodeIgniter\CodeIgniter->runController(Object(App\Controllers\admin\UserController))
12 SYSTEMPATH\CodeIgniter.php(354): CodeIgniter\CodeIgniter->handleRequest(null, Object(Config\Cache), false)
13 SYSTEMPATH\Boot.php(334): CodeIgniter\CodeIgniter->run()
14 SYSTEMPATH\Boot.php(67): CodeIgniter\Boot::runCodeIgniter(Object(CodeIgniter\CodeIgniter))
15 FCPATH\index.php(59): CodeIgniter\Boot::bootWeb(Object(Config\Paths))
DEBUG - 2025-07-02 14:41:30 --> Session: Class initialized using 'CodeIgniter\Session\Handlers\FileHandler' driver.
CRITICAL - 2025-07-02 14:41:30 --> ErrorException: Undefined variable $activeMenu
[Method: GET, Route: dashboard-admin]
in APPPATH\Views\layout\sidebar_admin.php on line 27.
 1 APPPATH\Views\layout\sidebar_admin.php(27): CodeIgniter\Debug\Exceptions->errorHandler(2, 'Undefined variable $activeMenu', 'C:\\xampp\\htdocs\\Sukahati-Daging_Ayam\\app\\Views\\layout\\sidebar_admin.php', 27)
 2 SYSTEMPATH\View\View.php(224): include('C:\\xampp\\htdocs\\Sukahati-Daging_Ayam\\app\\Views\\layout\\sidebar_admin.php')
 3 SYSTEMPATH\View\View.php(227): CodeIgniter\View\View->CodeIgniter\View\{closure}()
 4 SYSTEMPATH\View\View.php(475): CodeIgniter\View\View->render('layout/sidebar_admin', [...], true)
 5 APPPATH\Views\dashboard\admin.php(2): CodeIgniter\View\View->include('layout/sidebar_admin', [...])
 6 SYSTEMPATH\View\View.php(224): include('C:\\xampp\\htdocs\\Sukahati-Daging_Ayam\\app\\Views\\dashboard\\admin.php')
 7 SYSTEMPATH\View\View.php(227): CodeIgniter\View\View->CodeIgniter\View\{closure}()
 8 SYSTEMPATH\Common.php(1173): CodeIgniter\View\View->render('dashboard/admin', [], true)
 9 APPPATH\Controllers\Dashboard.php(95): view('dashboard/admin', [...])
10 SYSTEMPATH\CodeIgniter.php(933): App\Controllers\Dashboard->admin()
11 SYSTEMPATH\CodeIgniter.php(507): CodeIgniter\CodeIgniter->runController(Object(App\Controllers\Dashboard))
12 SYSTEMPATH\CodeIgniter.php(354): CodeIgniter\CodeIgniter->handleRequest(null, Object(Config\Cache), false)
13 SYSTEMPATH\Boot.php(334): CodeIgniter\CodeIgniter->run()
14 SYSTEMPATH\Boot.php(67): CodeIgniter\Boot::runCodeIgniter(Object(CodeIgniter\CodeIgniter))
15 FCPATH\index.php(59): CodeIgniter\Boot::bootWeb(Object(Config\Paths))
DEBUG - 2025-07-02 14:41:31 --> Session: Class initialized using 'CodeIgniter\Session\Handlers\FileHandler' driver.
CRITICAL - 2025-07-02 14:41:31 --> ErrorException: Undefined variable $activeMenu
[Method: GET, Route: admin/mitra]
in APPPATH\Views\layout\sidebar_admin.php on line 27.
 1 APPPATH\Views\layout\sidebar_admin.php(27): CodeIgniter\Debug\Exceptions->errorHandler(2, 'Undefined variable $activeMenu', 'C:\\xampp\\htdocs\\Sukahati-Daging_Ayam\\app\\Views\\layout\\sidebar_admin.php', 27)
 2 SYSTEMPATH\View\View.php(224): include('C:\\xampp\\htdocs\\Sukahati-Daging_Ayam\\app\\Views\\layout\\sidebar_admin.php')
 3 SYSTEMPATH\View\View.php(227): CodeIgniter\View\View->CodeIgniter\View\{closure}()
 4 SYSTEMPATH\View\View.php(475): CodeIgniter\View\View->render('layout/sidebar_admin', null, true)
 5 APPPATH\Views\admin\mitra\index.php(2): CodeIgniter\View\View->include('layout/sidebar_admin')
 6 SYSTEMPATH\View\View.php(224): include('C:\\xampp\\htdocs\\Sukahati-Daging_Ayam\\app\\Views\\admin\\mitra\\index.php')
 7 SYSTEMPATH\View\View.php(227): CodeIgniter\View\View->CodeIgniter\View\{closure}()
 8 SYSTEMPATH\Common.php(1173): CodeIgniter\View\View->render('admin/mitra/index', [], true)
 9 APPPATH\Controllers\admin\mitra.php(18): view('admin/mitra/index', [...])
10 SYSTEMPATH\CodeIgniter.php(933): App\Controllers\Admin\Mitra->index()
11 SYSTEMPATH\CodeIgniter.php(507): CodeIgniter\CodeIgniter->runController(Object(App\Controllers\Admin\Mitra))
12 SYSTEMPATH\CodeIgniter.php(354): CodeIgniter\CodeIgniter->handleRequest(null, Object(Config\Cache), false)
13 SYSTEMPATH\Boot.php(334): CodeIgniter\CodeIgniter->run()
14 SYSTEMPATH\Boot.php(67): CodeIgniter\Boot::runCodeIgniter(Object(CodeIgniter\CodeIgniter))
15 FCPATH\index.php(59): CodeIgniter\Boot::bootWeb(Object(Config\Paths))
DEBUG - 2025-07-02 14:41:32 --> Session: Class initialized using 'CodeIgniter\Session\Handlers\FileHandler' driver.
CRITICAL - 2025-07-02 14:41:32 --> ErrorException: Undefined variable $activeMenu
[Method: GET, Route: admin/transaksi]
in APPPATH\Views\layout\sidebar_admin.php on line 27.
 1 APPPATH\Views\layout\sidebar_admin.php(27): CodeIgniter\Debug\Exceptions->errorHandler(2, 'Undefined variable $activeMenu', 'C:\\xampp\\htdocs\\Sukahati-Daging_Ayam\\app\\Views\\layout\\sidebar_admin.php', 27)
 2 SYSTEMPATH\View\View.php(224): include('C:\\xampp\\htdocs\\Sukahati-Daging_Ayam\\app\\Views\\layout\\sidebar_admin.php')
 3 SYSTEMPATH\View\View.php(227): CodeIgniter\View\View->CodeIgniter\View\{closure}()
 4 SYSTEMPATH\View\View.php(475): CodeIgniter\View\View->render('layout/sidebar_admin', null, true)
 5 APPPATH\Views\admin\transaksi\index.php(2): CodeIgniter\View\View->include('layout/sidebar_admin')
 6 SYSTEMPATH\View\View.php(224): include('C:\\xampp\\htdocs\\Sukahati-Daging_Ayam\\app\\Views\\admin\\transaksi\\index.php')
 7 SYSTEMPATH\View\View.php(227): CodeIgniter\View\View->CodeIgniter\View\{closure}()
 8 SYSTEMPATH\Common.php(1173): CodeIgniter\View\View->render('admin/transaksi/index', [], true)
 9 APPPATH\Controllers\admin\TransaksiController.php(24): view('admin/transaksi/index', [...])
10 SYSTEMPATH\CodeIgniter.php(933): App\Controllers\admin\TransaksiController->index()
11 SYSTEMPATH\CodeIgniter.php(507): CodeIgniter\CodeIgniter->runController(Object(App\Controllers\admin\TransaksiController))
12 SYSTEMPATH\CodeIgniter.php(354): CodeIgniter\CodeIgniter->handleRequest(null, Object(Config\Cache), false)
13 SYSTEMPATH\Boot.php(334): CodeIgniter\CodeIgniter->run()
14 SYSTEMPATH\Boot.php(67): CodeIgniter\Boot::runCodeIgniter(Object(CodeIgniter\CodeIgniter))
15 FCPATH\index.php(59): CodeIgniter\Boot::bootWeb(Object(Config\Paths))
DEBUG - 2025-07-02 14:41:38 --> Session: Class initialized using 'CodeIgniter\Session\Handlers\FileHandler' driver.
DEBUG - 2025-07-02 14:41:44 --> Session: Class initialized using 'CodeIgniter\Session\Handlers\FileHandler' driver.
DEBUG - 2025-07-02 14:41:44 --> Session: Class initialized using 'CodeIgniter\Session\Handlers\FileHandler' driver.
DEBUG - 2025-07-02 14:41:44 --> Session: Class initialized using 'CodeIgniter\Session\Handlers\FileHandler' driver.
CRITICAL - 2025-07-02 14:41:44 --> ErrorException: Undefined variable $activeMenu
[Method: GET, Route: dashboard-admin]
in APPPATH\Views\layout\sidebar_admin.php on line 27.
 1 APPPATH\Views\layout\sidebar_admin.php(27): CodeIgniter\Debug\Exceptions->errorHandler(2, 'Undefined variable $activeMenu', 'C:\\xampp\\htdocs\\Sukahati-Daging_Ayam\\app\\Views\\layout\\sidebar_admin.php', 27)
 2 SYSTEMPATH\View\View.php(224): include('C:\\xampp\\htdocs\\Sukahati-Daging_Ayam\\app\\Views\\layout\\sidebar_admin.php')
 3 SYSTEMPATH\View\View.php(227): CodeIgniter\View\View->CodeIgniter\View\{closure}()
 4 SYSTEMPATH\View\View.php(475): CodeIgniter\View\View->render('layout/sidebar_admin', [...], true)
 5 APPPATH\Views\dashboard\admin.php(2): CodeIgniter\View\View->include('layout/sidebar_admin', [...])
 6 SYSTEMPATH\View\View.php(224): include('C:\\xampp\\htdocs\\Sukahati-Daging_Ayam\\app\\Views\\dashboard\\admin.php')
 7 SYSTEMPATH\View\View.php(227): CodeIgniter\View\View->CodeIgniter\View\{closure}()
 8 SYSTEMPATH\Common.php(1173): CodeIgniter\View\View->render('dashboard/admin', [], true)
 9 APPPATH\Controllers\Dashboard.php(95): view('dashboard/admin', [...])
10 SYSTEMPATH\CodeIgniter.php(933): App\Controllers\Dashboard->admin()
11 SYSTEMPATH\CodeIgniter.php(507): CodeIgniter\CodeIgniter->runController(Object(App\Controllers\Dashboard))
12 SYSTEMPATH\CodeIgniter.php(354): CodeIgniter\CodeIgniter->handleRequest(null, Object(Config\Cache), false)
13 SYSTEMPATH\Boot.php(334): CodeIgniter\CodeIgniter->run()
14 SYSTEMPATH\Boot.php(67): CodeIgniter\Boot::runCodeIgniter(Object(CodeIgniter\CodeIgniter))
15 FCPATH\index.php(59): CodeIgniter\Boot::bootWeb(Object(Config\Paths))
DEBUG - 2025-07-02 14:42:16 --> Session: Class initialized using 'CodeIgniter\Session\Handlers\FileHandler' driver.
CRITICAL - 2025-07-02 14:42:16 --> ErrorException: Undefined variable $activeMenu
[Method: GET, Route: dashboard-admin]
in APPPATH\Views\layout\sidebar_admin.php on line 27.
 1 APPPATH\Views\layout\sidebar_admin.php(27): CodeIgniter\Debug\Exceptions->errorHandler(2, 'Undefined variable $activeMenu', 'C:\\xampp\\htdocs\\Sukahati-Daging_Ayam\\app\\Views\\layout\\sidebar_admin.php', 27)
 2 SYSTEMPATH\View\View.php(224): include('C:\\xampp\\htdocs\\Sukahati-Daging_Ayam\\app\\Views\\layout\\sidebar_admin.php')
 3 SYSTEMPATH\View\View.php(227): CodeIgniter\View\View->CodeIgniter\View\{closure}()
 4 SYSTEMPATH\View\View.php(475): CodeIgniter\View\View->render('layout/sidebar_admin', null, true)
 5 APPPATH\Views\dashboard\admin.php(2): CodeIgniter\View\View->include('layout/sidebar_admin')
 6 SYSTEMPATH\View\View.php(224): include('C:\\xampp\\htdocs\\Sukahati-Daging_Ayam\\app\\Views\\dashboard\\admin.php')
 7 SYSTEMPATH\View\View.php(227): CodeIgniter\View\View->CodeIgniter\View\{closure}()
 8 SYSTEMPATH\Common.php(1173): CodeIgniter\View\View->render('dashboard/admin', [], true)
 9 APPPATH\Controllers\Dashboard.php(95): view('dashboard/admin', [...])
10 SYSTEMPATH\CodeIgniter.php(933): App\Controllers\Dashboard->admin()
11 SYSTEMPATH\CodeIgniter.php(507): CodeIgniter\CodeIgniter->runController(Object(App\Controllers\Dashboard))
12 SYSTEMPATH\CodeIgniter.php(354): CodeIgniter\CodeIgniter->handleRequest(null, Object(Config\Cache), false)
13 SYSTEMPATH\Boot.php(334): CodeIgniter\CodeIgniter->run()
14 SYSTEMPATH\Boot.php(67): CodeIgniter\Boot::runCodeIgniter(Object(CodeIgniter\CodeIgniter))
15 FCPATH\index.php(59): CodeIgniter\Boot::bootWeb(Object(Config\Paths))
DEBUG - 2025-07-02 14:42:48 --> Session: Class initialized using 'CodeIgniter\Session\Handlers\FileHandler' driver.
CRITICAL - 2025-07-02 14:42:48 --> ErrorException: Undefined variable $activeMenu
[Method: GET, Route: dashboard-admin]
in APPPATH\Views\layout\sidebar_admin.php on line 27.
 1 APPPATH\Views\layout\sidebar_admin.php(27): CodeIgniter\Debug\Exceptions->errorHandler(2, 'Undefined variable $activeMenu', 'C:\\xampp\\htdocs\\Sukahati-Daging_Ayam\\app\\Views\\layout\\sidebar_admin.php', 27)
 2 SYSTEMPATH\View\View.php(224): include('C:\\xampp\\htdocs\\Sukahati-Daging_Ayam\\app\\Views\\layout\\sidebar_admin.php')
 3 SYSTEMPATH\View\View.php(227): CodeIgniter\View\View->CodeIgniter\View\{closure}()
 4 SYSTEMPATH\View\View.php(475): CodeIgniter\View\View->render('layout/sidebar_admin', null, true)
 5 APPPATH\Views\dashboard\admin.php(2): CodeIgniter\View\View->include('layout/sidebar_admin')
 6 SYSTEMPATH\View\View.php(224): include('C:\\xampp\\htdocs\\Sukahati-Daging_Ayam\\app\\Views\\dashboard\\admin.php')
 7 SYSTEMPATH\View\View.php(227): CodeIgniter\View\View->CodeIgniter\View\{closure}()
 8 SYSTEMPATH\Common.php(1173): CodeIgniter\View\View->render('dashboard/admin', [], true)
 9 APPPATH\Controllers\Dashboard.php(95): view('dashboard/admin', [...])
10 SYSTEMPATH\CodeIgniter.php(933): App\Controllers\Dashboard->admin()
11 SYSTEMPATH\CodeIgniter.php(507): CodeIgniter\CodeIgniter->runController(Object(App\Controllers\Dashboard))
12 SYSTEMPATH\CodeIgniter.php(354): CodeIgniter\CodeIgniter->handleRequest(null, Object(Config\Cache), false)
13 SYSTEMPATH\Boot.php(334): CodeIgniter\CodeIgniter->run()
14 SYSTEMPATH\Boot.php(67): CodeIgniter\Boot::runCodeIgniter(Object(CodeIgniter\CodeIgniter))
15 FCPATH\index.php(59): CodeIgniter\Boot::bootWeb(Object(Config\Paths))
DEBUG - 2025-07-02 14:43:18 --> Session: Class initialized using 'CodeIgniter\Session\Handlers\FileHandler' driver.
CRITICAL - 2025-07-02 14:43:18 --> ErrorException: Undefined variable $activeMenu
[Method: GET, Route: dashboard-admin]
in APPPATH\Views\layout\sidebar_admin.php on line 27.
 1 APPPATH\Views\layout\sidebar_admin.php(27): CodeIgniter\Debug\Exceptions->errorHandler(2, 'Undefined variable $activeMenu', 'C:\\xampp\\htdocs\\Sukahati-Daging_Ayam\\app\\Views\\layout\\sidebar_admin.php', 27)
 2 SYSTEMPATH\View\View.php(224): include('C:\\xampp\\htdocs\\Sukahati-Daging_Ayam\\app\\Views\\layout\\sidebar_admin.php')
 3 SYSTEMPATH\View\View.php(227): CodeIgniter\View\View->CodeIgniter\View\{closure}()
 4 SYSTEMPATH\View\View.php(475): CodeIgniter\View\View->render('layout/sidebar_admin', null, true)
 5 APPPATH\Views\dashboard\admin.php(2): CodeIgniter\View\View->include('layout/sidebar_admin')
 6 SYSTEMPATH\View\View.php(224): include('C:\\xampp\\htdocs\\Sukahati-Daging_Ayam\\app\\Views\\dashboard\\admin.php')
 7 SYSTEMPATH\View\View.php(227): CodeIgniter\View\View->CodeIgniter\View\{closure}()
 8 SYSTEMPATH\Common.php(1173): CodeIgniter\View\View->render('dashboard/admin', [], true)
 9 APPPATH\Controllers\Dashboard.php(95): view('dashboard/admin', [...])
10 SYSTEMPATH\CodeIgniter.php(933): App\Controllers\Dashboard->admin()
11 SYSTEMPATH\CodeIgniter.php(507): CodeIgniter\CodeIgniter->runController(Object(App\Controllers\Dashboard))
12 SYSTEMPATH\CodeIgniter.php(354): CodeIgniter\CodeIgniter->handleRequest(null, Object(Config\Cache), false)
13 SYSTEMPATH\Boot.php(334): CodeIgniter\CodeIgniter->run()
14 SYSTEMPATH\Boot.php(67): CodeIgniter\Boot::runCodeIgniter(Object(CodeIgniter\CodeIgniter))
15 FCPATH\index.php(59): CodeIgniter\Boot::bootWeb(Object(Config\Paths))
DEBUG - 2025-07-02 14:43:57 --> Session: Class initialized using 'CodeIgniter\Session\Handlers\FileHandler' driver.
CRITICAL - 2025-07-02 14:43:57 --> ErrorException: Undefined variable $activeMenu
[Method: GET, Route: dashboard-admin]
in APPPATH\Views\layout\sidebar_admin.php on line 27.
 1 APPPATH\Views\layout\sidebar_admin.php(27): CodeIgniter\Debug\Exceptions->errorHandler(2, 'Undefined variable $activeMenu', 'C:\\xampp\\htdocs\\Sukahati-Daging_Ayam\\app\\Views\\layout\\sidebar_admin.php', 27)
 2 SYSTEMPATH\View\View.php(224): include('C:\\xampp\\htdocs\\Sukahati-Daging_Ayam\\app\\Views\\layout\\sidebar_admin.php')
 3 SYSTEMPATH\View\View.php(227): CodeIgniter\View\View->CodeIgniter\View\{closure}()
 4 SYSTEMPATH\View\View.php(475): CodeIgniter\View\View->render('layout/sidebar_admin', null, true)
 5 APPPATH\Views\dashboard\admin.php(2): CodeIgniter\View\View->include('layout/sidebar_admin')
 6 SYSTEMPATH\View\View.php(224): include('C:\\xampp\\htdocs\\Sukahati-Daging_Ayam\\app\\Views\\dashboard\\admin.php')
 7 SYSTEMPATH\View\View.php(227): CodeIgniter\View\View->CodeIgniter\View\{closure}()
 8 SYSTEMPATH\Common.php(1173): CodeIgniter\View\View->render('dashboard/admin', [], true)
 9 APPPATH\Controllers\Dashboard.php(95): view('dashboard/admin', [...])
10 SYSTEMPATH\CodeIgniter.php(933): App\Controllers\Dashboard->admin()
11 SYSTEMPATH\CodeIgniter.php(507): CodeIgniter\CodeIgniter->runController(Object(App\Controllers\Dashboard))
12 SYSTEMPATH\CodeIgniter.php(354): CodeIgniter\CodeIgniter->handleRequest(null, Object(Config\Cache), false)
13 SYSTEMPATH\Boot.php(334): CodeIgniter\CodeIgniter->run()
14 SYSTEMPATH\Boot.php(67): CodeIgniter\Boot::runCodeIgniter(Object(CodeIgniter\CodeIgniter))
15 FCPATH\index.php(59): CodeIgniter\Boot::bootWeb(Object(Config\Paths))
DEBUG - 2025-07-02 14:43:58 --> Session: Class initialized using 'CodeIgniter\Session\Handlers\FileHandler' driver.
CRITICAL - 2025-07-02 14:43:58 --> ErrorException: Undefined variable $activeMenu
[Method: GET, Route: dashboard-admin]
in APPPATH\Views\layout\sidebar_admin.php on line 27.
 1 APPPATH\Views\layout\sidebar_admin.php(27): CodeIgniter\Debug\Exceptions->errorHandler(2, 'Undefined variable $activeMenu', 'C:\\xampp\\htdocs\\Sukahati-Daging_Ayam\\app\\Views\\layout\\sidebar_admin.php', 27)
 2 SYSTEMPATH\View\View.php(224): include('C:\\xampp\\htdocs\\Sukahati-Daging_Ayam\\app\\Views\\layout\\sidebar_admin.php')
 3 SYSTEMPATH\View\View.php(227): CodeIgniter\View\View->CodeIgniter\View\{closure}()
 4 SYSTEMPATH\View\View.php(475): CodeIgniter\View\View->render('layout/sidebar_admin', null, true)
 5 APPPATH\Views\dashboard\admin.php(2): CodeIgniter\View\View->include('layout/sidebar_admin')
 6 SYSTEMPATH\View\View.php(224): include('C:\\xampp\\htdocs\\Sukahati-Daging_Ayam\\app\\Views\\dashboard\\admin.php')
 7 SYSTEMPATH\View\View.php(227): CodeIgniter\View\View->CodeIgniter\View\{closure}()
 8 SYSTEMPATH\Common.php(1173): CodeIgniter\View\View->render('dashboard/admin', [], true)
 9 APPPATH\Controllers\Dashboard.php(95): view('dashboard/admin', [...])
10 SYSTEMPATH\CodeIgniter.php(933): App\Controllers\Dashboard->admin()
11 SYSTEMPATH\CodeIgniter.php(507): CodeIgniter\CodeIgniter->runController(Object(App\Controllers\Dashboard))
12 SYSTEMPATH\CodeIgniter.php(354): CodeIgniter\CodeIgniter->handleRequest(null, Object(Config\Cache), false)
13 SYSTEMPATH\Boot.php(334): CodeIgniter\CodeIgniter->run()
14 SYSTEMPATH\Boot.php(67): CodeIgniter\Boot::runCodeIgniter(Object(CodeIgniter\CodeIgniter))
15 FCPATH\index.php(59): CodeIgniter\Boot::bootWeb(Object(Config\Paths))
DEBUG - 2025-07-02 14:44:09 --> Session: Class initialized using 'CodeIgniter\Session\Handlers\FileHandler' driver.
DEBUG - 2025-07-02 14:44:51 --> Session: Class initialized using 'CodeIgniter\Session\Handlers\FileHandler' driver.
DEBUG - 2025-07-02 14:46:46 --> Session: Class initialized using 'CodeIgniter\Session\Handlers\FileHandler' driver.
DEBUG - 2025-07-02 14:47:33 --> Session: Class initialized using 'CodeIgniter\Session\Handlers\FileHandler' driver.
DEBUG - 2025-07-02 14:47:43 --> Session: Class initialized using 'CodeIgniter\Session\Handlers\FileHandler' driver.
DEBUG - 2025-07-02 14:47:48 --> Session: Class initialized using 'CodeIgniter\Session\Handlers\FileHandler' driver.
DEBUG - 2025-07-02 14:47:52 --> Session: Class initialized using 'CodeIgniter\Session\Handlers\FileHandler' driver.
DEBUG - 2025-07-02 14:49:23 --> Session: Class initialized using 'CodeIgniter\Session\Handlers\FileHandler' driver.
DEBUG - 2025-07-02 14:49:25 --> Session: Class initialized using 'CodeIgniter\Session\Handlers\FileHandler' driver.
DEBUG - 2025-07-02 14:49:42 --> Session: Class initialized using 'CodeIgniter\Session\Handlers\FileHandler' driver.
DEBUG - 2025-07-02 14:49:43 --> Session: Class initialized using 'CodeIgniter\Session\Handlers\FileHandler' driver.
DEBUG - 2025-07-02 14:49:48 --> Session: Class initialized using 'CodeIgniter\Session\Handlers\FileHandler' driver.
DEBUG - 2025-07-02 14:49:51 --> Session: Class initialized using 'CodeIgniter\Session\Handlers\FileHandler' driver.
DEBUG - 2025-07-02 14:49:53 --> Session: Class initialized using 'CodeIgniter\Session\Handlers\FileHandler' driver.
DEBUG - 2025-07-02 14:49:55 --> Session: Class initialized using 'CodeIgniter\Session\Handlers\FileHandler' driver.
DEBUG - 2025-07-02 14:50:01 --> Session: Class initialized using 'CodeIgniter\Session\Handlers\FileHandler' driver.
DEBUG - 2025-07-02 14:55:42 --> Session: Class initialized using 'CodeIgniter\Session\Handlers\FileHandler' driver.
DEBUG - 2025-07-02 14:55:44 --> Session: Class initialized using 'CodeIgniter\Session\Handlers\FileHandler' driver.
DEBUG - 2025-07-02 14:55:45 --> Session: Class initialized using 'CodeIgniter\Session\Handlers\FileHandler' driver.
DEBUG - 2025-07-02 14:56:16 --> Session: Class initialized using 'CodeIgniter\Session\Handlers\FileHandler' driver.
DEBUG - 2025-07-02 14:59:23 --> Session: Class initialized using 'CodeIgniter\Session\Handlers\FileHandler' driver.
DEBUG - 2025-07-02 14:59:26 --> Session: Class initialized using 'CodeIgniter\Session\Handlers\FileHandler' driver.
CRITICAL - 2025-07-02 14:59:28 --> CodeIgniter\View\Exceptions\ViewException: Invalid file: "admin/profile/password.php"
[Method: GET, Route: admin/profil/password]
in SYSTEMPATH\Exceptions\FrameworkException.php on line 39.
 1 SYSTEMPATH\View\View.php(212): CodeIgniter\Exceptions\FrameworkException::forInvalidFile('admin/profile/password.php')
 2 SYSTEMPATH\Common.php(1173): CodeIgniter\View\View->render('admin/profile/password', [], true)
 3 APPPATH\Controllers\admin\ProfileController.php(40): view('admin/profile/password')
 4 SYSTEMPATH\CodeIgniter.php(933): App\Controllers\Admin\ProfileController->passwordForm()
 5 SYSTEMPATH\CodeIgniter.php(507): CodeIgniter\CodeIgniter->runController(Object(App\Controllers\Admin\ProfileController))
 6 SYSTEMPATH\CodeIgniter.php(354): CodeIgniter\CodeIgniter->handleRequest(null, Object(Config\Cache), false)
 7 SYSTEMPATH\Boot.php(334): CodeIgniter\CodeIgniter->run()
 8 SYSTEMPATH\Boot.php(67): CodeIgniter\Boot::runCodeIgniter(Object(CodeIgniter\CodeIgniter))
 9 FCPATH\index.php(59): CodeIgniter\Boot::bootWeb(Object(Config\Paths))
DEBUG - 2025-07-02 14:59:34 --> Session: Class initialized using 'CodeIgniter\Session\Handlers\FileHandler' driver.
CRITICAL - 2025-07-02 14:59:34 --> CodeIgniter\View\Exceptions\ViewException: Invalid file: "admin/profile/index.php"
[Method: GET, Route: admin/profil]
in SYSTEMPATH\Exceptions\FrameworkException.php on line 39.
 1 SYSTEMPATH\View\View.php(212): CodeIgniter\Exceptions\FrameworkException::forInvalidFile('admin/profile/index.php')
 2 SYSTEMPATH\Common.php(1173): CodeIgniter\View\View->render('admin/profile/index', [], true)
 3 APPPATH\Controllers\admin\ProfileController.php(14): view('admin/profile/index', [...])
 4 SYSTEMPATH\CodeIgniter.php(933): App\Controllers\Admin\ProfileController->index()
 5 SYSTEMPATH\CodeIgniter.php(507): CodeIgniter\CodeIgniter->runController(Object(App\Controllers\Admin\ProfileController))
 6 SYSTEMPATH\CodeIgniter.php(354): CodeIgniter\CodeIgniter->handleRequest(null, Object(Config\Cache), false)
 7 SYSTEMPATH\Boot.php(334): CodeIgniter\CodeIgniter->run()
 8 SYSTEMPATH\Boot.php(67): CodeIgniter\Boot::runCodeIgniter(Object(CodeIgniter\CodeIgniter))
 9 FCPATH\index.php(59): CodeIgniter\Boot::bootWeb(Object(Config\Paths))
DEBUG - 2025-07-02 15:00:14 --> Session: Class initialized using 'CodeIgniter\Session\Handlers\FileHandler' driver.
DEBUG - 2025-07-02 15:01:10 --> Session: Class initialized using 'CodeIgniter\Session\Handlers\FileHandler' driver.
DEBUG - 2025-07-02 15:01:12 --> Session: Class initialized using 'CodeIgniter\Session\Handlers\FileHandler' driver.
CRITICAL - 2025-07-02 15:01:12 --> CodeIgniter\View\Exceptions\ViewException: Invalid file: "admin/profile/index.php"
[Method: GET, Route: admin/profil]
in SYSTEMPATH\Exceptions\FrameworkException.php on line 39.
 1 SYSTEMPATH\View\View.php(212): CodeIgniter\Exceptions\FrameworkException::forInvalidFile('admin/profile/index.php')
 2 SYSTEMPATH\Common.php(1173): CodeIgniter\View\View->render('admin/profile/index', [], true)
 3 APPPATH\Controllers\admin\ProfileController.php(14): view('admin/profile/index', [...])
 4 SYSTEMPATH\CodeIgniter.php(933): App\Controllers\Admin\ProfileController->index()
 5 SYSTEMPATH\CodeIgniter.php(507): CodeIgniter\CodeIgniter->runController(Object(App\Controllers\Admin\ProfileController))
 6 SYSTEMPATH\CodeIgniter.php(354): CodeIgniter\CodeIgniter->handleRequest(null, Object(Config\Cache), false)
 7 SYSTEMPATH\Boot.php(334): CodeIgniter\CodeIgniter->run()
 8 SYSTEMPATH\Boot.php(67): CodeIgniter\Boot::runCodeIgniter(Object(CodeIgniter\CodeIgniter))
 9 FCPATH\index.php(59): CodeIgniter\Boot::bootWeb(Object(Config\Paths))
DEBUG - 2025-07-02 15:01:15 --> Session: Class initialized using 'CodeIgniter\Session\Handlers\FileHandler' driver.
DEBUG - 2025-07-02 15:01:32 --> Session: Class initialized using 'CodeIgniter\Session\Handlers\FileHandler' driver.
DEBUG - 2025-07-02 15:01:33 --> Session: Class initialized using 'CodeIgniter\Session\Handlers\FileHandler' driver.
CRITICAL - 2025-07-02 15:01:33 --> CodeIgniter\View\Exceptions\ViewException: Invalid file: "admin/profile/index.php"
[Method: GET, Route: admin/profil]
in SYSTEMPATH\Exceptions\FrameworkException.php on line 39.
 1 SYSTEMPATH\View\View.php(212): CodeIgniter\Exceptions\FrameworkException::forInvalidFile('admin/profile/index.php')
 2 SYSTEMPATH\Common.php(1173): CodeIgniter\View\View->render('admin/profile/index', [], true)
 3 APPPATH\Controllers\admin\ProfileController.php(14): view('admin/profile/index', [...])
 4 SYSTEMPATH\CodeIgniter.php(933): App\Controllers\Admin\ProfileController->index()
 5 SYSTEMPATH\CodeIgniter.php(507): CodeIgniter\CodeIgniter->runController(Object(App\Controllers\Admin\ProfileController))
 6 SYSTEMPATH\CodeIgniter.php(354): CodeIgniter\CodeIgniter->handleRequest(null, Object(Config\Cache), false)
 7 SYSTEMPATH\Boot.php(334): CodeIgniter\CodeIgniter->run()
 8 SYSTEMPATH\Boot.php(67): CodeIgniter\Boot::runCodeIgniter(Object(CodeIgniter\CodeIgniter))
 9 FCPATH\index.php(59): CodeIgniter\Boot::bootWeb(Object(Config\Paths))
DEBUG - 2025-07-02 15:03:33 --> Session: Class initialized using 'CodeIgniter\Session\Handlers\FileHandler' driver.
CRITICAL - 2025-07-02 15:03:33 --> CodeIgniter\View\Exceptions\ViewException: Invalid file: "admin/profile/index.php"
[Method: GET, Route: admin/profil]
in SYSTEMPATH\Exceptions\FrameworkException.php on line 39.
 1 SYSTEMPATH\View\View.php(212): CodeIgniter\Exceptions\FrameworkException::forInvalidFile('admin/profile/index.php')
 2 SYSTEMPATH\Common.php(1173): CodeIgniter\View\View->render('admin/profile/index', [], true)
 3 APPPATH\Controllers\admin\ProfileController.php(14): view('admin/profile/index', [...])
 4 SYSTEMPATH\CodeIgniter.php(933): App\Controllers\Admin\ProfileController->index()
 5 SYSTEMPATH\CodeIgniter.php(507): CodeIgniter\CodeIgniter->runController(Object(App\Controllers\Admin\ProfileController))
 6 SYSTEMPATH\CodeIgniter.php(354): CodeIgniter\CodeIgniter->handleRequest(null, Object(Config\Cache), false)
 7 SYSTEMPATH\Boot.php(334): CodeIgniter\CodeIgniter->run()
 8 SYSTEMPATH\Boot.php(67): CodeIgniter\Boot::runCodeIgniter(Object(CodeIgniter\CodeIgniter))
 9 FCPATH\index.php(59): CodeIgniter\Boot::bootWeb(Object(Config\Paths))
DEBUG - 2025-07-02 15:05:00 --> Session: Class initialized using 'CodeIgniter\Session\Handlers\FileHandler' driver.
CRITICAL - 2025-07-02 15:05:00 --> CodeIgniter\View\Exceptions\ViewException: Invalid file: "admin/profile/index.php"
[Method: GET, Route: admin/profil]
in SYSTEMPATH\Exceptions\FrameworkException.php on line 39.
 1 SYSTEMPATH\View\View.php(212): CodeIgniter\Exceptions\FrameworkException::forInvalidFile('admin/profile/index.php')
 2 SYSTEMPATH\Common.php(1173): CodeIgniter\View\View->render('admin/profile/index', [], true)
 3 APPPATH\Controllers\admin\ProfileController.php(26): view('admin/profile/index', [...])
 4 SYSTEMPATH\CodeIgniter.php(933): App\Controllers\Admin\ProfileController->index()
 5 SYSTEMPATH\CodeIgniter.php(507): CodeIgniter\CodeIgniter->runController(Object(App\Controllers\Admin\ProfileController))
 6 SYSTEMPATH\CodeIgniter.php(354): CodeIgniter\CodeIgniter->handleRequest(null, Object(Config\Cache), false)
 7 SYSTEMPATH\Boot.php(334): CodeIgniter\CodeIgniter->run()
 8 SYSTEMPATH\Boot.php(67): CodeIgniter\Boot::runCodeIgniter(Object(CodeIgniter\CodeIgniter))
 9 FCPATH\index.php(59): CodeIgniter\Boot::bootWeb(Object(Config\Paths))
DEBUG - 2025-07-02 15:06:00 --> Session: Class initialized using 'CodeIgniter\Session\Handlers\FileHandler' driver.
CRITICAL - 2025-07-02 15:06:00 --> CodeIgniter\View\Exceptions\ViewException: Invalid file: "admin/profile/index.php"
[Method: GET, Route: admin/profil]
in SYSTEMPATH\Exceptions\FrameworkException.php on line 39.
 1 SYSTEMPATH\View\View.php(212): CodeIgniter\Exceptions\FrameworkException::forInvalidFile('admin/profile/index.php')
 2 SYSTEMPATH\Common.php(1173): CodeIgniter\View\View->render('admin/profile/index', [], true)
 3 APPPATH\Controllers\admin\ProfileController.php(26): view('admin/profile/index', [...])
 4 SYSTEMPATH\CodeIgniter.php(933): App\Controllers\Admin\ProfileController->index()
 5 SYSTEMPATH\CodeIgniter.php(507): CodeIgniter\CodeIgniter->runController(Object(App\Controllers\Admin\ProfileController))
 6 SYSTEMPATH\CodeIgniter.php(354): CodeIgniter\CodeIgniter->handleRequest(null, Object(Config\Cache), false)
 7 SYSTEMPATH\Boot.php(334): CodeIgniter\CodeIgniter->run()
 8 SYSTEMPATH\Boot.php(67): CodeIgniter\Boot::runCodeIgniter(Object(CodeIgniter\CodeIgniter))
 9 FCPATH\index.php(59): CodeIgniter\Boot::bootWeb(Object(Config\Paths))
DEBUG - 2025-07-02 15:06:01 --> Session: Class initialized using 'CodeIgniter\Session\Handlers\FileHandler' driver.
DEBUG - 2025-07-02 15:06:03 --> Session: Class initialized using 'CodeIgniter\Session\Handlers\FileHandler' driver.
CRITICAL - 2025-07-02 15:06:03 --> CodeIgniter\View\Exceptions\ViewException: Invalid file: "admin/profile/index.php"
[Method: GET, Route: admin/profil]
in SYSTEMPATH\Exceptions\FrameworkException.php on line 39.
 1 SYSTEMPATH\View\View.php(212): CodeIgniter\Exceptions\FrameworkException::forInvalidFile('admin/profile/index.php')
 2 SYSTEMPATH\Common.php(1173): CodeIgniter\View\View->render('admin/profile/index', [], true)
 3 APPPATH\Controllers\admin\ProfileController.php(26): view('admin/profile/index', [...])
 4 SYSTEMPATH\CodeIgniter.php(933): App\Controllers\Admin\ProfileController->index()
 5 SYSTEMPATH\CodeIgniter.php(507): CodeIgniter\CodeIgniter->runController(Object(App\Controllers\Admin\ProfileController))
 6 SYSTEMPATH\CodeIgniter.php(354): CodeIgniter\CodeIgniter->handleRequest(null, Object(Config\Cache), false)
 7 SYSTEMPATH\Boot.php(334): CodeIgniter\CodeIgniter->run()
 8 SYSTEMPATH\Boot.php(67): CodeIgniter\Boot::runCodeIgniter(Object(CodeIgniter\CodeIgniter))
 9 FCPATH\index.php(59): CodeIgniter\Boot::bootWeb(Object(Config\Paths))
DEBUG - 2025-07-02 15:06:33 --> Session: Class initialized using 'CodeIgniter\Session\Handlers\FileHandler' driver.
DEBUG - 2025-07-02 15:06:34 --> Session: Class initialized using 'CodeIgniter\Session\Handlers\FileHandler' driver.
DEBUG - 2025-07-02 15:06:36 --> Session: Class initialized using 'CodeIgniter\Session\Handlers\FileHandler' driver.
DEBUG - 2025-07-02 15:06:38 --> Session: Class initialized using 'CodeIgniter\Session\Handlers\FileHandler' driver.
DEBUG - 2025-07-02 15:06:39 --> Session: Class initialized using 'CodeIgniter\Session\Handlers\FileHandler' driver.
DEBUG - 2025-07-02 15:06:40 --> Session: Class initialized using 'CodeIgniter\Session\Handlers\FileHandler' driver.
DEBUG - 2025-07-02 15:06:41 --> Session: Class initialized using 'CodeIgniter\Session\Handlers\FileHandler' driver.
DEBUG - 2025-07-02 15:08:03 --> Session: Class initialized using 'CodeIgniter\Session\Handlers\FileHandler' driver.
DEBUG - 2025-07-02 15:08:10 --> Session: Class initialized using 'CodeIgniter\Session\Handlers\FileHandler' driver.
DEBUG - 2025-07-02 15:23:55 --> Session: Class initialized using 'CodeIgniter\Session\Handlers\FileHandler' driver.
DEBUG - 2025-07-02 15:28:36 --> Session: Class initialized using 'CodeIgniter\Session\Handlers\FileHandler' driver.
DEBUG - 2025-07-02 15:28:38 --> Session: Class initialized using 'CodeIgniter\Session\Handlers\FileHandler' driver.
DEBUG - 2025-07-02 15:43:57 --> Session: Class initialized using 'CodeIgniter\Session\Handlers\FileHandler' driver.
DEBUG - 2025-07-02 16:31:34 --> Session: Class initialized using 'CodeIgniter\Session\Handlers\FileHandler' driver.
DEBUG - 2025-07-02 16:31:40 --> Session: Class initialized using 'CodeIgniter\Session\Handlers\FileHandler' driver.
DEBUG - 2025-07-02 16:34:30 --> Session: Class initialized using 'CodeIgniter\Session\Handlers\FileHandler' driver.
DEBUG - 2025-07-02 16:34:37 --> Session: Class initialized using 'CodeIgniter\Session\Handlers\FileHandler' driver.
DEBUG - 2025-07-02 16:34:40 --> Session: Class initialized using 'CodeIgniter\Session\Handlers\FileHandler' driver.
DEBUG - 2025-07-02 16:47:16 --> Session: Class initialized using 'CodeIgniter\Session\Handlers\FileHandler' driver.
DEBUG - 2025-07-02 16:53:45 --> Session: Class initialized using 'CodeIgniter\Session\Handlers\FileHandler' driver.
DEBUG - 2025-07-02 16:53:50 --> Session: Class initialized using 'CodeIgniter\Session\Handlers\FileHandler' driver.
